0 info it worked if it ends with ok
1 verbose cli [ '/home/FILESERVER5/micklem/jkh46/.nvm/versions/node/v4.4.4/bin/node',
1 verbose cli   '/home/FILESERVER5/micklem/jkh46/.nvm/versions/node/v4.4.4/bin/npm',
1 verbose cli   'publish' ]
2 info using npm@2.15.1
3 info using node@v4.4.4
4 verbose publish [ '.' ]
5 silly cache add args [ '.', null ]
6 verbose cache add spec .
7 silly cache add parsed spec Result {
7 silly cache add   raw: '.',
7 silly cache add   scope: null,
7 silly cache add   name: null,
7 silly cache add   rawSpec: '.',
7 silly cache add   spec: '/home/FILESERVER5/micklem/jkh46/src/model',
7 silly cache add   type: 'directory' }
8 verbose addLocalDirectory /home/FILESERVER5/micklem/jkh46/.npm/mi-model/0.4.5/package.tgz not in flight; packing
9 verbose correctMkdir /home/FILESERVER5/micklem/jkh46/.npm correctMkdir not in flight; initializing
10 verbose tar pack [ '/home/FILESERVER5/micklem/jkh46/.npm/mi-model/0.4.5/package.tgz',
10 verbose tar pack   '/home/FILESERVER5/micklem/jkh46/src/model' ]
11 verbose tarball /home/FILESERVER5/micklem/jkh46/.npm/mi-model/0.4.5/package.tgz
12 verbose folder /home/FILESERVER5/micklem/jkh46/src/model
13 info prepublish mi-model@0.4.5
14 verbose addLocalTarball adding from inside cache /home/FILESERVER5/micklem/jkh46/.npm/mi-model/0.4.5/package.tgz
15 verbose correctMkdir /home/FILESERVER5/micklem/jkh46/.npm correctMkdir not in flight; initializing
16 silly cache afterAdd mi-model@0.4.5
17 verbose afterAdd /home/FILESERVER5/micklem/jkh46/.npm/mi-model/0.4.5/package/package.json not in flight; writing
18 verbose correctMkdir /home/FILESERVER5/micklem/jkh46/.npm correctMkdir not in flight; initializing
19 verbose afterAdd /home/FILESERVER5/micklem/jkh46/.npm/mi-model/0.4.5/package/package.json written
20 silly publish { name: 'mi-model',
20 silly publish   version: '0.4.5',
20 silly publish   description: 'Model for representing Molecular Interaction data',
20 silly publish   main: 'src/index.js',
20 silly publish   scripts: { test: 'echo "Error: no test specified" && exit 1' },
20 silly publish   author: '',
20 silly publish   license: 'ISC',
20 silly publish   devDependencies:
20 silly publish    { 'browser-sync': '^2.18.2',
20 silly publish      browserify: '^13.1.1',
20 silly publish      gulp: '^3.9.1',
20 silly publish      'gulp-sourcemaps': '^1.9.1',
20 silly publish      'gulp-uglify': '^2.0.0',
20 silly publish      pump: '^1.0.1',
20 silly publish      'vinyl-buffer': '^1.0.0',
20 silly publish      'vinyl-source-stream': '^1.1.0',
20 silly publish      watchify: '^3.7.0' },
20 silly publish   dependencies:
20 silly publish    { backbone: '^1.3.3',
20 silly publish      jquery: '^3.1.1',
20 silly publish      promise: '^7.1.1',
20 silly publish      underscore: '^1.8.3' },
20 silly publish   readme: '# MI-Model\n\nA NodeJS package for parsing Molecular Interaction JSON data produced by JAMI\n\n## Installation\n\nvia npm\n```bash\nnpm install --save mi-model\n```\n```javascript\nMIModel = require(\'mi-model\');\n```\nvia bower\n```bash\nbower install --save mi-model\n```\n```html\n<script src="bower_components/mi-model/dist/mi-model.js"></script>\n```\n\n## Usage\n\n```javascript\n$.get( "json/EBI-9082861.json", function( data ) {\n\n  new MIModel(data).load().then(function(model) {\n    console.log("model", model);\n  });\n  \n  // MIModel(data) returns a Backbone model structure representing the JAMI JSON.\n  \n  // Optionally you can chain the .load() function which returns\n  // a Promise to fetch sequence lengths from uniprot.\n\n});\n```\n\n## Model Relationships\n\n![alt tag](https://rawgit.com/joshkh/model/master/img/mi-model-er-diagram.svg)\n',
20 silly publish   readmeFilename: 'README.md',
20 silly publish   gitHead: '479c5b95553ef94a8b16f5a326869883a429be8d',
20 silly publish   _id: 'mi-model@0.4.5',
20 silly publish   _shasum: '3a0430b644cdd901c1cf9e2e71e6c47b468780ba',
20 silly publish   _from: '.' }
21 verbose getPublishConfig undefined
22 silly mapToRegistry name mi-model
23 silly mapToRegistry using default registry
24 silly mapToRegistry registry https://registry.npmjs.org/
25 silly mapToRegistry data Result {
25 silly mapToRegistry   raw: 'mi-model',
25 silly mapToRegistry   scope: null,
25 silly mapToRegistry   name: 'mi-model',
25 silly mapToRegistry   rawSpec: '',
25 silly mapToRegistry   spec: 'latest',
25 silly mapToRegistry   type: 'tag' }
26 silly mapToRegistry uri https://registry.npmjs.org/mi-model
27 verbose publish registryBase https://registry.npmjs.org/
28 silly publish uploading /home/FILESERVER5/micklem/jkh46/.npm/mi-model/0.4.5/package.tgz
29 verbose request uri https://registry.npmjs.org/mi-model
30 verbose request sending authorization for write operation
31 info attempt registry request try #1 at 12:14:54 PM
32 verbose request using bearer token for auth
33 verbose request id c6ec5e9688d1f4df
34 http request PUT https://registry.npmjs.org/mi-model
35 http 403 https://registry.npmjs.org/mi-model
36 verbose headers { 'content-type': 'application/json',
36 verbose headers   'cache-control': 'max-age=300',
36 verbose headers   'content-length': '95',
36 verbose headers   'accept-ranges': 'bytes',
36 verbose headers   date: 'Mon, 23 Jan 2017 12:14:55 GMT',
36 verbose headers   via: '1.1 varnish',
36 verbose headers   connection: 'keep-alive',
36 verbose headers   'x-served-by': 'cache-lcy1139-LCY',
36 verbose headers   'x-cache': 'MISS',
36 verbose headers   'x-cache-hits': '0',
36 verbose headers   'x-timer': 'S1485173694.113664,VS0,VE986',
36 verbose headers   vary: 'Accept-Encoding' }
37 verbose request invalidating /home/FILESERVER5/micklem/jkh46/.npm/registry.npmjs.org/mi-model on PUT
38 error publish Failed PUT 403
39 verbose stack Error: "You cannot publish over the previously published version 0.4.5." : mi-model
39 verbose stack     at makeError (/home/FILESERVER5/micklem/jkh46/.nvm/versions/node/v4.4.4/lib/node_modules/npm/node_modules/npm-registry-client/lib/request.js:264:12)
39 verbose stack     at CachingRegistryClient.<anonymous> (/home/FILESERVER5/micklem/jkh46/.nvm/versions/node/v4.4.4/lib/node_modules/npm/node_modules/npm-registry-client/lib/request.js:252:14)
39 verbose stack     at Request._callback (/home/FILESERVER5/micklem/jkh46/.nvm/versions/node/v4.4.4/lib/node_modules/npm/node_modules/npm-registry-client/lib/request.js:172:14)
39 verbose stack     at Request.self.callback (/home/FILESERVER5/micklem/jkh46/.nvm/versions/node/v4.4.4/lib/node_modules/npm/node_modules/request/request.js:199:22)
39 verbose stack     at emitTwo (events.js:87:13)
39 verbose stack     at Request.emit (events.js:172:7)
39 verbose stack     at Request.<anonymous> (/home/FILESERVER5/micklem/jkh46/.nvm/versions/node/v4.4.4/lib/node_modules/npm/node_modules/request/request.js:1036:10)
39 verbose stack     at emitOne (events.js:82:20)
39 verbose stack     at Request.emit (events.js:169:7)
39 verbose stack     at IncomingMessage.<anonymous> (/home/FILESERVER5/micklem/jkh46/.nvm/versions/node/v4.4.4/lib/node_modules/npm/node_modules/request/request.js:963:12)
40 verbose statusCode 403
41 verbose pkgid mi-model
42 verbose cwd /home/FILESERVER5/micklem/jkh46/src/model
43 error Linux 4.4.0-53-generic
44 error argv "/home/FILESERVER5/micklem/jkh46/.nvm/versions/node/v4.4.4/bin/node" "/home/FILESERVER5/micklem/jkh46/.nvm/versions/node/v4.4.4/bin/npm" "publish"
45 error node v4.4.4
46 error npm  v2.15.1
47 error code E403
48 error "You cannot publish over the previously published version 0.4.5." : mi-model
49 error If you need help, you may report this error at:
49 error     <https://github.com/npm/npm/issues>
50 verbose exit [ 1, true ]
